<?xml version="1.0" encoding="UTF-8"?>
<!-- Generated by org.testng.reporters.JUnitReportReporter -->
<testsuite hostname="User-PC" failures="0" tests="3" name="testNG.ParallelTesting" time="0.041" errors="0" timestamp="2021-03-21T14:39:36 IST" skipped="0">
  <testcase classname="testNG.ParallelTesting" name="browserTesting" time="0.014"/>
  <system-out/>
  <testcase classname="testNG.ParallelTesting" name="browserTesting" time="0.012"/>
  <system-out/>
  <testcase classname="testNG.ParallelTesting" name="browserTesting" time="0.015"/>
  <system-out/>
</testsuite> <!-- testNG.ParallelTesting -->
