<?xml version="1.0" encoding="UTF-8"?>
<!-- Generated by org.testng.reporters.JUnitReportReporter -->
<testsuite hostname="User-PC" failures="0" tests="2" name="thisKeyword.fbLoginTest" time="0.013" errors="0" timestamp="2021-03-19T19:54:40 IST" skipped="0">
  <testcase classname="thisKeyword.fbLoginTest" name="fbLoginTest2" time="0.006"/>
  <system-out/>
  <testcase classname="thisKeyword.fbLoginTest" name="fbLoginTest1" time="0.007"/>
  <system-out/>
</testsuite> <!-- thisKeyword.fbLoginTest -->
