<?xml version="1.0" encoding="UTF-8"?>
<!-- Generated by org.testng.reporters.JUnitReportReporter -->
<testsuite hostname="User-PC" failures="0" tests="1" name="testNgFailTestCase.TestCase4" time="0.005" errors="0" timestamp="2021-03-12T10:29:16 IST" skipped="0">
  <testcase classname="testNgFailTestCase.TestCase4" name="radiffLoginTest" time="0.005"/>
  <system-out/>
</testsuite> <!-- testNgFailTestCase.TestCase4 -->
