<?xml version="1.0" encoding="UTF-8"?>
<!-- Generated by org.testng.reporters.JUnitReportReporter -->
<testsuite hostname="User-PC" failures="0" tests="1" name="demo.Demo" time="13.470" errors="0" timestamp="2021-02-15T13:54:08 IST" skipped="0">
  <testcase classname="demo.Demo" name="newTask" time="13.470"/>
  <system-out/>
</testsuite> <!-- demo.Demo -->
