<?xml version="1.0" encoding="UTF-8"?>
<!-- Generated by org.testng.reporters.JUnitReportReporter -->
<testsuite hostname="User-PC" failures="0" tests="1" name="thisKeyword.YohooLoginTest" time="0.015" errors="0" timestamp="2021-03-19T19:54:40 IST" skipped="0">
  <testcase classname="thisKeyword.YohooLoginTest" name="yohooLoginTest" time="0.015"/>
  <system-out/>
</testsuite> <!-- thisKeyword.YohooLoginTest -->
