<?xml version="1.0" encoding="UTF-8"?>
<!-- Generated by org.testng.reporters.JUnitReportReporter -->
<testsuite hostname="User-PC" failures="0" tests="1" name="dataDrivernTest.ExcelReader" time="3.948" errors="0" timestamp="2021-02-19T17:23:59 IST" skipped="0">
  <testcase classname="dataDrivernTest.ExcelReader" name="readFIle" time="3.948"/>
  <system-out/>
</testsuite> <!-- dataDrivernTest.ExcelReader -->
