<?xml version="1.0" encoding="UTF-8"?>
<!-- Generated by org.testng.reporters.JUnitReportReporter -->
<testsuite hostname="User-PC" failures="0" tests="7" name="practice.Demo" time="0.030" errors="0" timestamp="2021-02-25T19:07:04 IST" skipped="0">
  <testcase classname="practice.Demo" name="loginTest" time="0.002"/>
  <system-out/>
  <testcase classname="practice.Demo" name="loginTest" time="0.004"/>
  <system-out/>
  <testcase classname="practice.Demo" name="loginTest" time="0.002"/>
  <system-out/>
  <testcase classname="practice.Demo" name="loginTest" time="0.018"/>
  <system-out/>
  <testcase classname="practice.Demo" name="loginTest" time="0.001"/>
  <system-out/>
  <testcase classname="practice.Demo" name="loginTest" time="0.001"/>
  <system-out/>
  <testcase classname="practice.Demo" name="loginTest" time="0.002"/>
  <system-out/>
</testsuite> <!-- practice.Demo -->
