<?xml version="1.0" encoding="UTF-8"?>
<!-- Generated by org.testng.reporters.JUnitReportReporter -->
<testsuite hostname="User-PC" failures="0" tests="4" name="testNGParameterization.DProvider" time="0.015" errors="0" timestamp="2021-03-21T15:40:39 IST" skipped="0">
  <testcase classname="testNGParameterization.DProvider" name="loginTest" time="0.002"/>
  <system-out/>
  <testcase classname="testNGParameterization.DProvider" name="loginTest" time="0.002"/>
  <system-out/>
  <testcase classname="testNGParameterization.DProvider" name="loginTest" time="0.009"/>
  <system-out/>
  <testcase classname="testNGParameterization.DProvider" name="loginTest" time="0.002"/>
  <system-out/>
</testsuite> <!-- testNGParameterization.DProvider -->
