<?xml version="1.0" encoding="UTF-8"?>
<!-- Generated by org.testng.reporters.JUnitReportReporter -->
<testsuite hostname="User-PC" failures="0" tests="1" name="inheritance.B" time="53.510" errors="0" timestamp="2021-02-15T17:20:54 IST" skipped="0">
  <testcase classname="inheritance.B" name="setup" time="53.510"/>
  <system-out/>
</testsuite> <!-- inheritance.B -->
