<?xml version="1.0" encoding="UTF-8"?>
<!-- Generated by org.testng.reporters.JUnitReportReporter -->
<testsuite hostname="User-PC" failures="0" tests="7" name="nikhil.DProvider" time="0.025" errors="0" timestamp="2021-03-22T17:49:41 IST" skipped="0">
  <testcase classname="nikhil.DProvider" name="loginTest" time="0.002"/>
  <system-out/>
  <testcase classname="nikhil.DProvider" name="loginTest" time="0.004"/>
  <system-out/>
  <testcase classname="nikhil.DProvider" name="loginTest" time="0.001"/>
  <system-out/>
  <testcase classname="nikhil.DProvider" name="loginTest" time="0.011"/>
  <system-out/>
  <testcase classname="nikhil.DProvider" name="loginTest" time="0.004"/>
  <system-out/>
  <testcase classname="nikhil.DProvider" name="loginTest" time="0.001"/>
  <system-out/>
  <testcase classname="nikhil.DProvider" name="loginTest" time="0.002"/>
  <system-out/>
</testsuite> <!-- nikhil.DProvider -->
