<?xml version="1.0" encoding="UTF-8"?>
<!-- Generated by org.testng.reporters.JUnitReportReporter -->
<testsuite hostname="User-PC" failures="0" tests="1" name="testNGParameterization.parameterXML" time="0.020" errors="0" timestamp="2021-03-21T15:25:23 IST" skipped="0">
  <testcase classname="testNGParameterization.parameterXML" name="getData" time="0.020"/>
  <system-out/>
</testsuite> <!-- testNGParameterization.parameterXML -->
