<?xml version="1.0" encoding="UTF-8"?>
<!-- Generated by org.testng.reporters.JUnitReportReporter -->
<testsuite hostname="User-PC" failures="0" tests="1" name="testNgFailTestCase.TestCase5" time="0.036" errors="0" timestamp="2021-03-12T10:29:16 IST" skipped="0">
  <testcase classname="testNgFailTestCase.TestCase5" name="yahooLoginTest" time="0.036"/>
  <system-out/>
</testsuite> <!-- testNgFailTestCase.TestCase5 -->
