<?xml version="1.0" encoding="UTF-8"?>
<!-- Generated by org.testng.reporters.JUnitReportReporter -->
<testsuite hostname="User-PC" failures="0" tests="2" name="testNGAnotation.GmailLoginTest" time="0.007" errors="0" timestamp="2021-03-22T18:15:12 IST" skipped="0">
  <testcase classname="testNGAnotation.GmailLoginTest" name="gmainlLoginTest2" time="0.004"/>
  <system-out/>
  <testcase classname="testNGAnotation.GmailLoginTest" name="gmainlLoginTest1" time="0.003"/>
  <system-out/>
</testsuite> <!-- testNGAnotation.GmailLoginTest -->
