<?xml version="1.0" encoding="UTF-8"?>
<!-- Generated by org.testng.reporters.JUnitReportReporter -->
<testsuite hostname="User-PC" failures="0" tests="3" name="thisKeyword.MainMethod" time="0.015" errors="0" timestamp="2021-03-19T19:14:32 IST" skipped="0">
  <testcase classname="thisKeyword.MainMethod" name="testCase2" time="0.004"/>
  <system-out/>
  <testcase classname="thisKeyword.MainMethod" name="testCase3" time="0.002"/>
  <system-out/>
  <testcase classname="thisKeyword.MainMethod" name="testCase1" time="0.009"/>
  <system-out/>
</testsuite> <!-- thisKeyword.MainMethod -->
