<?xml version="1.0" encoding="UTF-8"?>
<!-- Generated by org.testng.reporters.JUnitReportReporter -->
<testsuite hostname="User-PC" failures="0" tests="1" name="practiceJava.ExcelSheet" time="27.194" errors="0" timestamp="2021-03-16T16:18:06 IST" skipped="0">
  <testcase classname="practiceJava.ExcelSheet" name="loginTest" time="27.194"/>
  <system-out/>
</testsuite> <!-- practiceJava.ExcelSheet -->
