<?xml version="1.0" encoding="UTF-8"?>
<!-- Generated by org.testng.reporters.JUnitReportReporter -->
<testsuite hostname="User-PC" failures="0" tests="1" name="testNgFailTestCase.TestCase3" time="0.001" errors="0" timestamp="2021-03-12T10:32:07 IST" skipped="0">
  <testcase classname="testNgFailTestCase.TestCase3" name="mercuryLoginTest" time="0.001"/>
  <system-out/>
</testsuite> <!-- testNgFailTestCase.TestCase3 -->
