<?xml version="1.0" encoding="UTF-8"?>
<!-- Generated by org.testng.reporters.JUnitReportReporter -->
<testsuite hostname="User-PC" failures="0" tests="2" name="version4Report.ExcelDemo" time="0.012" errors="0" timestamp="2021-03-11T17:33:33 IST" skipped="0">
  <testcase classname="version4Report.ExcelDemo" name="testDemo" time="0.002"/>
  <system-out/>
  <testcase classname="version4Report.ExcelDemo" name="testDemo" time="0.010"/>
  <system-out/>
</testsuite> <!-- version4Report.ExcelDemo -->
