<?xml version="1.0" encoding="UTF-8"?>
<!-- Generated by org.testng.reporters.JUnitReportReporter -->
<testsuite hostname="User-PC" failures="0" tests="1" name="testNGAnotation.YohooLoginTest" time="0.003" errors="0" timestamp="2021-03-22T18:15:12 IST" skipped="0">
  <testcase classname="testNGAnotation.YohooLoginTest" name="yohooLoginTest" time="0.003"/>
  <system-out/>
</testsuite> <!-- testNGAnotation.YohooLoginTest -->
