<?xml version="1.0" encoding="UTF-8"?>
<!-- Generated by org.testng.reporters.JUnitReportReporter -->
<testsuite hostname="User-PC" failures="0" tests="2" name="thisKeyword.GmailLoginTest" time="0.008" errors="0" timestamp="2021-03-19T19:54:40 IST" skipped="0">
  <testcase classname="thisKeyword.GmailLoginTest" name="gmainlLoginTest1" time="0.004"/>
  <system-out/>
  <testcase classname="thisKeyword.GmailLoginTest" name="gmainlLoginTest2" time="0.004"/>
  <system-out/>
</testsuite> <!-- thisKeyword.GmailLoginTest -->
