<?xml version="1.0" encoding="UTF-8"?>
<!-- Generated by org.testng.reporters.JUnitReportReporter -->
<testsuite hostname="User-PC" failures="0" tests="1" name="Nop_com_login_test" time="12.375" errors="0" timestamp="2021-02-09T15:43:47 IST" skipped="0">
  <testcase classname="Nop_com_login_test" name="loginTest" time="12.375"/>
  <system-out/>
</testsuite> <!-- Nop_com_login_test -->
