<?xml version="1.0" encoding="UTF-8"?>
<!-- Generated by org.testng.reporters.JUnitReportReporter -->
<testsuite hostname="User-PC" failures="0" tests="1" name="parameterazation.ParamterTest" time="0.012" errors="0" timestamp="2021-03-30T16:42:07 IST" skipped="0">
  <testcase classname="parameterazation.ParamterTest" name="getInput" time="0.012"/>
  <system-out/>
</testsuite> <!-- parameterazation.ParamterTest -->
