<?xml version="1.0" encoding="UTF-8"?>
<!-- Generated by org.testng.reporters.JUnitReportReporter -->
<testsuite hostname="User-PC" failures="0" tests="1" name="testNgFailTestCase.TestCase2" time="0.019" errors="0" timestamp="2021-03-12T10:32:07 IST" skipped="0">
  <testcase classname="testNgFailTestCase.TestCase2" name="gmailLoginTest" time="0.019"/>
  <system-out/>
</testsuite> <!-- testNgFailTestCase.TestCase2 -->
