<?xml version="1.0" encoding="UTF-8"?>
<!-- Generated by org.testng.reporters.JUnitReportReporter -->
<testsuite hostname="ii" failures="0" tests="7" name="test.TestDemo" time="0.036" errors="0" timestamp="2021-04-25T20:35:57 IST" skipped="0">
  <testcase classname="test.TestDemo" name="loginTest" time="0.005"/>
  <system-out/>
  <testcase classname="test.TestDemo" name="loginTest" time="0.007"/>
  <system-out/>
  <testcase classname="test.TestDemo" name="loginTest" time="0.007"/>
  <system-out/>
  <testcase classname="test.TestDemo" name="loginTest" time="0.011"/>
  <system-out/>
  <testcase classname="test.TestDemo" name="loginTest" time="0.002"/>
  <system-out/>
  <testcase classname="test.TestDemo" name="loginTest" time="0.002"/>
  <system-out/>
  <testcase classname="test.TestDemo" name="loginTest" time="0.002"/>
  <system-out/>
</testsuite> <!-- test.TestDemo -->
