<?xml version="1.0" encoding="UTF-8"?>
<!-- Generated by org.testng.reporters.JUnitReportReporter -->
<testsuite hostname="User-PC" failures="0" tests="1" name="practiceOnJava.LoginTest" time="0.013" errors="0" timestamp="2021-03-28T11:29:46 IST" skipped="0">
  <testcase classname="practiceOnJava.LoginTest" name="loginTest" time="0.013"/>
  <system-out/>
</testsuite> <!-- practiceOnJava.LoginTest -->
