<?xml version="1.0" encoding="UTF-8"?>
<!-- Generated by org.testng.reporters.JUnitReportReporter -->
<testsuite hostname="User-PC" failures="0" tests="1" name="nop_com_base.Nop_com_BaseClass" time="12.932" errors="0" timestamp="2021-02-08T12:56:45 IST" skipped="0">
  <testcase classname="nop_com_base.Nop_com_BaseClass" name="setUp" time="12.932"/>
  <system-out/>
</testsuite> <!-- nop_com_base.Nop_com_BaseClass -->
