<?xml version="1.0" encoding="UTF-8"?>
<!-- Generated by org.testng.reporters.JUnitReportReporter -->
<testsuite hostname="User-PC" failures="0" tests="2" name="testNGAnotation.fbLoginTest" time="0.023" errors="0" timestamp="2021-03-22T18:15:12 IST" skipped="0">
  <testcase classname="testNGAnotation.fbLoginTest" name="fbLoginTest1" time="0.018"/>
  <system-out/>
  <testcase classname="testNGAnotation.fbLoginTest" name="fbLoginTest2" time="0.005"/>
  <system-out/>
</testsuite> <!-- testNGAnotation.fbLoginTest -->
