<?xml version="1.0" encoding="UTF-8"?>
<!-- Generated by org.testng.reporters.JUnitReportReporter -->
<testsuite hostname="User-PC" failures="0" tests="2" name="testNgByRahulInvoThred.InvoCationCount" time="4.102" errors="0" timestamp="2021-04-04T09:55:10 IST" skipped="0">
  <testcase classname="testNgByRahulInvoThred.InvoCationCount" name="testCase1" time="2.051"/>
  <system-out/>
  <testcase classname="testNgByRahulInvoThred.InvoCationCount" name="testCase1" time="2.051"/>
  <system-out/>
</testsuite> <!-- testNgByRahulInvoThred.InvoCationCount -->
