<?xml version="1.0" encoding="UTF-8"?>
<!-- Generated by org.testng.reporters.JUnitReportReporter -->
<testsuite hostname="User-PC" failures="0" tests="2" name="testNgByRahulReg.TestCase1" time="0.005" errors="0" timestamp="2021-04-04T00:15:01 IST" skipped="0">
  <testcase classname="testNgByRahulReg.TestCase1" name="test3" time="0.002"/>
  <system-out/>
  <testcase classname="testNgByRahulReg.TestCase1" name="test4" time="0.003"/>
  <system-out/>
</testsuite> <!-- testNgByRahulReg.TestCase1 -->
