<?xml version="1.0" encoding="UTF-8"?>
<!-- Generated by org.testng.reporters.JUnitReportReporter -->
<testsuite hostname="User-PC" failures="0" tests="2" name="rahulArora.DProvider" time="6.093" errors="0" timestamp="2021-04-05T21:17:52 IST" skipped="0">
  <testcase classname="rahulArora.DProvider" name="test" time="3.046"/>
  <system-out/>
  <testcase classname="rahulArora.DProvider" name="test" time="3.047"/>
  <system-out/>
</testsuite> <!-- rahulArora.DProvider -->
