<?xml version="1.0" encoding="UTF-8"?>
<!-- Generated by org.testng.reporters.JUnitReportReporter -->
<testsuite hostname="User-PC" failures="0" tests="2" name="testNgByRahulReg.Test2" time="0.019" errors="0" timestamp="2021-04-04T00:15:01 IST" skipped="0">
  <testcase classname="testNgByRahulReg.Test2" name="test1" time="0.017"/>
  <system-out/>
  <testcase classname="testNgByRahulReg.Test2" name="test2" time="0.002"/>
  <system-out/>
</testsuite> <!-- testNgByRahulReg.Test2 -->
