<?xml version="1.0" encoding="UTF-8"?>
<!-- Generated by org.testng.reporters.JUnitReportReporter -->
<testsuite hostname="User-PC" failures="0" tests="1" name="nikhil.DataDriven" time="0.015" errors="0" timestamp="2021-03-22T17:10:09 IST" skipped="0">
  <testcase classname="nikhil.DataDriven" name="loginTest" time="0.015"/>
  <system-out/>
</testsuite> <!-- nikhil.DataDriven -->
